[4.196s] Invoking command in '/home/mohab/ros22_ws/src/turtle_pkg': DEBUGINFOD_URLS=https://debuginfod.ubuntu.com PYTHONPATH=/home/mohab/ros22_ws/build/turtle_pkg/prefix_override:/usr/lib/python3/dist-packages/colcon_core/task/python/colcon_distutils_commands:/home/mohab/ros22_ws/install/turtle_pkg/lib/python3.12/site-packages:${PYTHONPATH} /usr/bin/python3 -W ignore:setup.py install is deprecated -W ignore:easy_install command is deprecated setup.py egg_info --egg-base ../../build/turtle_pkg build --build-base /home/mohab/ros22_ws/build/turtle_pkg/build install --record /home/mohab/ros22_ws/build/turtle_pkg/install.log --single-version-externally-managed install_data
[4.447s] running egg_info
[4.447s] creating ../../build/turtle_pkg/turtle_pkg.egg-info
[4.467s] writing ../../build/turtle_pkg/turtle_pkg.egg-info/PKG-INFO
[4.468s] writing dependency_links to ../../build/turtle_pkg/turtle_pkg.egg-info/dependency_links.txt
[4.468s] writing entry points to ../../build/turtle_pkg/turtle_pkg.egg-info/entry_points.txt
[4.469s] writing requirements to ../../build/turtle_pkg/turtle_pkg.egg-info/requires.txt
[4.469s] writing top-level names to ../../build/turtle_pkg/turtle_pkg.egg-info/top_level.txt
[4.469s] writing manifest file '../../build/turtle_pkg/turtle_pkg.egg-info/SOURCES.txt'
[4.505s] reading manifest file '../../build/turtle_pkg/turtle_pkg.egg-info/SOURCES.txt'
[4.506s] writing manifest file '../../build/turtle_pkg/turtle_pkg.egg-info/SOURCES.txt'
[4.506s] running build
[4.507s] running build_py
[4.507s] creating /home/mohab/ros22_ws/build/turtle_pkg/build
[4.508s] creating /home/mohab/ros22_ws/build/turtle_pkg/build/lib
[4.508s] creating /home/mohab/ros22_ws/build/turtle_pkg/build/lib/turtle_pkg
[4.509s] copying turtle_pkg/__init__.py -> /home/mohab/ros22_ws/build/turtle_pkg/build/lib/turtle_pkg
[4.509s] copying turtle_pkg/turtle_chase.py -> /home/mohab/ros22_ws/build/turtle_pkg/build/lib/turtle_pkg
[4.509s] running install
[4.513s] running install_lib
[4.536s] creating /home/mohab/ros22_ws/install/turtle_pkg/lib/python3.12/site-packages/turtle_pkg
[4.537s] copying /home/mohab/ros22_ws/build/turtle_pkg/build/lib/turtle_pkg/__init__.py -> /home/mohab/ros22_ws/install/turtle_pkg/lib/python3.12/site-packages/turtle_pkg
[4.537s] copying /home/mohab/ros22_ws/build/turtle_pkg/build/lib/turtle_pkg/turtle_chase.py -> /home/mohab/ros22_ws/install/turtle_pkg/lib/python3.12/site-packages/turtle_pkg
[4.537s] byte-compiling /home/mohab/ros22_ws/install/turtle_pkg/lib/python3.12/site-packages/turtle_pkg/__init__.py to __init__.cpython-312.pyc
[4.537s] byte-compiling /home/mohab/ros22_ws/install/turtle_pkg/lib/python3.12/site-packages/turtle_pkg/turtle_chase.py to turtle_chase.cpython-312.pyc
[4.537s] running install_data
[4.537s] creating /home/mohab/ros22_ws/install/turtle_pkg/share
[4.537s] creating /home/mohab/ros22_ws/install/turtle_pkg/share/ament_index
[4.537s] creating /home/mohab/ros22_ws/install/turtle_pkg/share/ament_index/resource_index
[4.537s] creating /home/mohab/ros22_ws/install/turtle_pkg/share/ament_index/resource_index/packages
[4.537s] copying resource/turtle_pkg -> /home/mohab/ros22_ws/install/turtle_pkg/share/ament_index/resource_index/packages
[4.537s] creating /home/mohab/ros22_ws/install/turtle_pkg/share/turtle_pkg
[4.540s] copying package.xml -> /home/mohab/ros22_ws/install/turtle_pkg/share/turtle_pkg
[4.540s] creating /home/mohab/ros22_ws/install/turtle_pkg/share/turtle_pkg/launch
[4.540s] copying launch/turtle_chase_launch.py -> /home/mohab/ros22_ws/install/turtle_pkg/share/turtle_pkg/launch
[4.540s] running install_egg_info
[4.557s] Copying ../../build/turtle_pkg/turtle_pkg.egg-info to /home/mohab/ros22_ws/install/turtle_pkg/lib/python3.12/site-packages/turtle_pkg-0.0.0-py3.12.egg-info
[4.559s] running install_scripts
[4.684s] Installing turtle_chase script to /home/mohab/ros22_ws/install/turtle_pkg/lib/turtle_pkg
[4.684s] writing list of installed files to '/home/mohab/ros22_ws/build/turtle_pkg/install.log'
[4.714s] Invoked command in '/home/mohab/ros22_ws/src/turtle_pkg' returned '0': DEBUGINFOD_URLS=https://debuginfod.ubuntu.com PYTHONPATH=/home/mohab/ros22_ws/build/turtle_pkg/prefix_override:/usr/lib/python3/dist-packages/colcon_core/task/python/colcon_distutils_commands:/home/mohab/ros22_ws/install/turtle_pkg/lib/python3.12/site-packages:${PYTHONPATH} /usr/bin/python3 -W ignore:setup.py install is deprecated -W ignore:easy_install command is deprecated setup.py egg_info --egg-base ../../build/turtle_pkg build --build-base /home/mohab/ros22_ws/build/turtle_pkg/build install --record /home/mohab/ros22_ws/build/turtle_pkg/install.log --single-version-externally-managed install_data
