[0.960s] Invoking command in '/home/mohab/ros22_ws/src/turtle_pkg': DEBUGINFOD_URLS=https://debuginfod.ubuntu.com PYTHONPATH=/home/mohab/ros22_ws/build/turtle_pkg/prefix_override:/usr/lib/python3/dist-packages/colcon_core/task/python/colcon_distutils_commands:/home/mohab/ros22_ws/install/turtle_pkg/lib/python3.12/site-packages:${PYTHONPATH} /usr/bin/python3 -W ignore:setup.py install is deprecated -W ignore:easy_install command is deprecated setup.py egg_info --egg-base ../../build/turtle_pkg build --build-base /home/mohab/ros22_ws/build/turtle_pkg/build install --record /home/mohab/ros22_ws/build/turtle_pkg/install.log --single-version-externally-managed install_data
[1.251s] running egg_info
[1.273s] writing ../../build/turtle_pkg/turtle_pkg.egg-info/PKG-INFO
[1.275s] writing dependency_links to ../../build/turtle_pkg/turtle_pkg.egg-info/dependency_links.txt
[1.275s] writing entry points to ../../build/turtle_pkg/turtle_pkg.egg-info/entry_points.txt
[1.275s] writing requirements to ../../build/turtle_pkg/turtle_pkg.egg-info/requires.txt
[1.275s] writing top-level names to ../../build/turtle_pkg/turtle_pkg.egg-info/top_level.txt
[1.316s] reading manifest file '../../build/turtle_pkg/turtle_pkg.egg-info/SOURCES.txt'
[1.317s] writing manifest file '../../build/turtle_pkg/turtle_pkg.egg-info/SOURCES.txt'
[1.318s] running build
[1.318s] running build_py
[1.318s] copying turtle_pkg/turtle_chase.py -> /home/mohab/ros22_ws/build/turtle_pkg/build/lib/turtle_pkg
[1.318s] running install
[1.324s] running install_lib
[1.345s] copying /home/mohab/ros22_ws/build/turtle_pkg/build/lib/turtle_pkg/turtle_chase.py -> /home/mohab/ros22_ws/install/turtle_pkg/lib/python3.12/site-packages/turtle_pkg
[1.345s] byte-compiling /home/mohab/ros22_ws/install/turtle_pkg/lib/python3.12/site-packages/turtle_pkg/turtle_chase.py to turtle_chase.cpython-312.pyc
[1.347s] running install_data
[1.347s] running install_egg_info
[1.371s] removing '/home/mohab/ros22_ws/install/turtle_pkg/lib/python3.12/site-packages/turtle_pkg-0.0.0-py3.12.egg-info' (and everything under it)
[1.371s] Copying ../../build/turtle_pkg/turtle_pkg.egg-info to /home/mohab/ros22_ws/install/turtle_pkg/lib/python3.12/site-packages/turtle_pkg-0.0.0-py3.12.egg-info
[1.374s] running install_scripts
[1.546s] Installing turtle_chase script to /home/mohab/ros22_ws/install/turtle_pkg/lib/turtle_pkg
[1.546s] writing list of installed files to '/home/mohab/ros22_ws/build/turtle_pkg/install.log'
[1.584s] Invoked command in '/home/mohab/ros22_ws/src/turtle_pkg' returned '0': DEBUGINFOD_URLS=https://debuginfod.ubuntu.com PYTHONPATH=/home/mohab/ros22_ws/build/turtle_pkg/prefix_override:/usr/lib/python3/dist-packages/colcon_core/task/python/colcon_distutils_commands:/home/mohab/ros22_ws/install/turtle_pkg/lib/python3.12/site-packages:${PYTHONPATH} /usr/bin/python3 -W ignore:setup.py install is deprecated -W ignore:easy_install command is deprecated setup.py egg_info --egg-base ../../build/turtle_pkg build --build-base /home/mohab/ros22_ws/build/turtle_pkg/build install --record /home/mohab/ros22_ws/build/turtle_pkg/install.log --single-version-externally-managed install_data
